22:50:20.522 INFO - Selenium build info: version: '3.4.0', revision: 'unknown'
22:50:20.523 INFO - Launching a standalone Selenium Server
2017-04-27 22:50:20.535:INFO::main: Logging initialized @173ms to org.seleniumhq.jetty9.util.log.StdErrLog
22:50:20.572 INFO - Driver provider org.openqa.selenium.ie.InternetExplorerDriver registration is skipped:
 registration capabilities Capabilities [{ensureCleanSession=true, browserName=internet explorer, version=, platform=WINDOWS}] does not match the current platform LINUX
22:50:20.572 INFO - Driver provider org.openqa.selenium.edge.EdgeDriver registration is skipped:
 registration capabilities Capabilities [{browserName=MicrosoftEdge, version=, platform=WINDOWS}] does not match the current platform LINUX
22:50:20.572 INFO - Driver class not found: com.opera.core.systems.OperaDriver
22:50:20.572 INFO - Driver provider com.opera.core.systems.OperaDriver registration is skipped:
Unable to create new instances on this machine.
22:50:20.573 INFO - Driver class not found: com.opera.core.systems.OperaDriver
22:50:20.573 INFO - Driver provider com.opera.core.systems.OperaDriver is not registered
22:50:20.573 INFO - Driver provider org.openqa.selenium.safari.SafariDriver registration is skipped:
 registration capabilities Capabilities [{browserName=safari, version=, platform=MAC}] does not match the current platform LINUX
2017-04-27 22:50:20.602:INFO:osjs.Server:main: jetty-9.4.3.v20170317
2017-04-27 22:50:20.627:INFO:osjsh.ContextHandler:main: Started o.s.j.s.ServletContextHandler@523884b2{/,null,AVAILABLE}
2017-04-27 22:50:20.638:INFO:osjs.AbstractConnector:main: Started ServerConnector@13deb50e{HTTP/1.1,[http/1.1]}{0.0.0.0:4444}
2017-04-27 22:50:20.639:INFO:osjs.Server:main: Started @277ms
22:50:20.639 INFO - Selenium Server is up and running
22:50:20.830 INFO - SessionCleaner initialized with insideBrowserTimeout 0 and clientGoneTimeout 1800000 polling every 180000
22:50:20.850 INFO - Executing: [new session: Capabilities [{acceptSslCerts=true, name=Test, browserName=chrome, javascriptEnabled=true, platform=ANY}]])
22:50:20.867 INFO - Creating a new session for Capabilities [{acceptSslCerts=true, name=Test, browserName=chrome, javascriptEnabled=true, platform=ANY}]
Starting ChromeDriver 2.29.461571 (8a88bbe0775e2a23afda0ceaf2ef7ee74e822cc5) on port 3030
Only local connections are allowed.
22:50:21.456 INFO - Detected dialect: OSS
22:50:21.471 INFO - Done: [new session: Capabilities [{acceptSslCerts=true, name=Test, browserName=chrome, javascriptEnabled=true, platform=ANY}]]
22:50:21.488 INFO - Executing: [get: https://saucelabs.com/test/guinea-pig])
22:50:21.882 INFO - Done: [get: https://saucelabs.com/test/guinea-pig]
22:50:21.888 INFO - Executing: [find elements: By.xpath: //*[@id="comments"]])
22:50:21.921 INFO - Done: [find elements: By.xpath: //*[@id="comments"]]
22:50:21.925 INFO - Executing: [is displayed: 0 [[ChromeDriver: chrome on LINUX (ecbfdb064a54bb2e889ed59ca22081de)] -> xpath: //*[@id="comments"]]])
22:50:21.947 INFO - Done: [is displayed: 0 [[ChromeDriver: chrome on LINUX (ecbfdb064a54bb2e889ed59ca22081de)] -> xpath: //*[@id="comments"]]]
22:50:21.951 INFO - Executing: [find elements: By.xpath: /html/body/h1])
22:50:21.969 INFO - Done: [find elements: By.xpath: /html/body/h1]
22:50:21.971 INFO - Executing: [is displayed: 1 [[ChromeDriver: chrome on LINUX (ecbfdb064a54bb2e889ed59ca22081de)] -> xpath: /html/body/h1]])
22:50:21.988 INFO - Done: [is displayed: 1 [[ChromeDriver: chrome on LINUX (ecbfdb064a54bb2e889ed59ca22081de)] -> xpath: /html/body/h1]]
22:50:21.992 INFO - Executing: [get title])
22:50:21.996 INFO - Done: [get title]
22:50:21.999 INFO - Executing: [take screenshot])
22:50:22.116 INFO - Done: [take screenshot]
22:50:22.129 INFO - Executing: [delete session: 4e9ec7c0-3531-429d-8b3d-53f062b85006])
22:50:22.195 INFO - Done: [delete session: 4e9ec7c0-3531-429d-8b3d-53f062b85006]
